Determining if the pthread_create exist failed with the following output:
Change Dir: /home/phil/catkin_ws/src/follow_me/CMakeFiles/CMakeTmp

Run Build Command:"/usr/bin/make" "cmTC_72432/fast"
/usr/bin/make -f CMakeFiles/cmTC_72432.dir/build.make CMakeFiles/cmTC_72432.dir/build
make[1]: Entering directory '/home/phil/catkin_ws/src/follow_me/CMakeFiles/CMakeTmp'
Building C object CMakeFiles/cmTC_72432.dir/CheckSymbolExists.c.o
/usr/bin/cc     -o CMakeFiles/cmTC_72432.dir/CheckSymbolExists.c.o   -c /home/phil/catkin_ws/src/follow_me/CMakeFiles/CMakeTmp/CheckSymbolExists.c
Linking C executable cmTC_72432
/usr/bin/cmake -E cmake_link_script CMakeFiles/cmTC_72432.dir/link.txt --verbose=1
/usr/bin/cc       CMakeFiles/cmTC_72432.dir/CheckSymbolExists.c.o  -o cmTC_72432 -rdynamic 
CMakeFiles/cmTC_72432.dir/CheckSymbolExists.c.o: In function `main':
CheckSymbolExists.c:(.text+0x16): undefined reference to `pthread_create'
collect2: error: ld returned 1 exit status
CMakeFiles/cmTC_72432.dir/build.make:97: recipe for target 'cmTC_72432' failed
make[1]: *** [cmTC_72432] Error 1
make[1]: Leaving directory '/home/phil/catkin_ws/src/follow_me/CMakeFiles/CMakeTmp'
Makefile:126: recipe for target 'cmTC_72432/fast' failed
make: *** [cmTC_72432/fast] Error 2

File /home/phil/catkin_ws/src/follow_me/CMakeFiles/CMakeTmp/CheckSymbolExists.c:
/* */
#include <pthread.h>

int main(int argc, char** argv)
{
  (void)argv;
#ifndef pthread_create
  return ((int*)(&pthread_create))[argc];
#else
  (void)argc;
  return 0;
#endif
}

Determining if the function pthread_create exists in the pthreads failed with the following output:
Change Dir: /home/phil/catkin_ws/src/follow_me/CMakeFiles/CMakeTmp

Run Build Command:"/usr/bin/make" "cmTC_b5eab/fast"
/usr/bin/make -f CMakeFiles/cmTC_b5eab.dir/build.make CMakeFiles/cmTC_b5eab.dir/build
make[1]: Entering directory '/home/phil/catkin_ws/src/follow_me/CMakeFiles/CMakeTmp'
Building C object CMakeFiles/cmTC_b5eab.dir/CheckFunctionExists.c.o
/usr/bin/cc    -DCHECK_FUNCTION_EXISTS=pthread_create   -o CMakeFiles/cmTC_b5eab.dir/CheckFunctionExists.c.o   -c /usr/share/cmake-3.5/Modules/CheckFunctionExists.c
Linking C executable cmTC_b5eab
/usr/bin/cmake -E cmake_link_script CMakeFiles/cmTC_b5eab.dir/link.txt --verbose=1
/usr/bin/cc   -DCHECK_FUNCTION_EXISTS=pthread_create    CMakeFiles/cmTC_b5eab.dir/CheckFunctionExists.c.o  -o cmTC_b5eab -rdynamic -lpthreads 
/usr/bin/ld: cannot find -lpthreads
collect2: error: ld returned 1 exit status
CMakeFiles/cmTC_b5eab.dir/build.make:97: recipe for target 'cmTC_b5eab' failed
make[1]: *** [cmTC_b5eab] Error 1
make[1]: Leaving directory '/home/phil/catkin_ws/src/follow_me/CMakeFiles/CMakeTmp'
Makefile:126: recipe for target 'cmTC_b5eab/fast' failed
make: *** [cmTC_b5eab/fast] Error 2


